D:\YUNFENG\DOCUMENTS\VISUAL STUDIO 2012\PROJECTS\IAMGE-UNDERSTANDING\PANORAMA\PANORAMA\IMAGELIB\DEBUG\WARPIMAGE.OBJ
D:\YUNFENG\DOCUMENTS\VISUAL STUDIO 2012\PROJECTS\IAMGE-UNDERSTANDING\PANORAMA\PANORAMA\IMAGELIB\DEBUG\TRANSFORM.OBJ
D:\YUNFENG\DOCUMENTS\VISUAL STUDIO 2012\PROJECTS\IAMGE-UNDERSTANDING\PANORAMA\PANORAMA\IMAGELIB\DEBUG\REFCNTMEM.OBJ
D:\YUNFENG\DOCUMENTS\VISUAL STUDIO 2012\PROJECTS\IAMGE-UNDERSTANDING\PANORAMA\PANORAMA\IMAGELIB\DEBUG\PYRAMID.OBJ
D:\YUNFENG\DOCUMENTS\VISUAL STUDIO 2012\PROJECTS\IAMGE-UNDERSTANDING\PANORAMA\PANORAMA\IMAGELIB\DEBUG\IMAGE.OBJ
D:\YUNFENG\DOCUMENTS\VISUAL STUDIO 2012\PROJECTS\IAMGE-UNDERSTANDING\PANORAMA\PANORAMA\IMAGELIB\DEBUG\FILEIO.OBJ
D:\YUNFENG\DOCUMENTS\VISUAL STUDIO 2012\PROJECTS\IAMGE-UNDERSTANDING\PANORAMA\PANORAMA\IMAGELIB\DEBUG\CONVOLVE.OBJ
D:\YUNFENG\DOCUMENTS\VISUAL STUDIO 2012\PROJECTS\IAMGE-UNDERSTANDING\PANORAMA\PANORAMA\IMAGELIB\DEBUG\CONVERT.OBJ
D:\YUNFENG\DOCUMENTS\VISUAL STUDIO 2012\PROJECTS\IAMGE-UNDERSTANDING\PANORAMA\PANORAMA\IMAGELIB\DEBUG\VC110.PDB
D:\YUNFENG\DOCUMENTS\VISUAL STUDIO 2012\PROJECTS\IAMGE-UNDERSTANDING\PANORAMA\PANORAMA\IMAGELIB\DEBUG\IMAGELIB.LIB
D:\yunfeng\Documents\Visual Studio 2012\Projects\iamge-understanding\Panorama\Panorama\ImageLib\Debug\Convert.obj
D:\yunfeng\Documents\Visual Studio 2012\Projects\iamge-understanding\Panorama\Panorama\ImageLib\Debug\Convolve.obj
D:\yunfeng\Documents\Visual Studio 2012\Projects\iamge-understanding\Panorama\Panorama\ImageLib\Debug\FileIO.obj
D:\yunfeng\Documents\Visual Studio 2012\Projects\iamge-understanding\Panorama\Panorama\ImageLib\Debug\Image.obj
D:\yunfeng\Documents\Visual Studio 2012\Projects\iamge-understanding\Panorama\Panorama\ImageLib\Debug\Pyramid.obj
D:\yunfeng\Documents\Visual Studio 2012\Projects\iamge-understanding\Panorama\Panorama\ImageLib\Debug\RefCntMem.obj
D:\yunfeng\Documents\Visual Studio 2012\Projects\iamge-understanding\Panorama\Panorama\ImageLib\Debug\Transform.obj
D:\yunfeng\Documents\Visual Studio 2012\Projects\iamge-understanding\Panorama\Panorama\ImageLib\Debug\WarpImage.obj
D:\yunfeng\Documents\Visual Studio 2012\Projects\iamge-understanding\Panorama\Panorama\ImageLib\Debug\cl.command.1.tlog
D:\yunfeng\Documents\Visual Studio 2012\Projects\iamge-understanding\Panorama\Panorama\ImageLib\Debug\CL.read.1.tlog
D:\yunfeng\Documents\Visual Studio 2012\Projects\iamge-understanding\Panorama\Panorama\ImageLib\Debug\CL.write.1.tlog
D:\yunfeng\Documents\Visual Studio 2012\Projects\iamge-understanding\Panorama\Panorama\ImageLib\Debug\Lib-link.read.1.tlog
D:\yunfeng\Documents\Visual Studio 2012\Projects\iamge-understanding\Panorama\Panorama\ImageLib\Debug\Lib-link.write.1.tlog
D:\yunfeng\Documents\Visual Studio 2012\Projects\iamge-understanding\Panorama\Panorama\ImageLib\Debug\lib.command.1.tlog
D:\yunfeng\Documents\Visual Studio 2012\Projects\iamge-understanding\Panorama\Panorama\ImageLib\Debug\vc110.idb
D:\yunfeng\Documents\Visual Studio 2012\Projects\iamge-understanding\Panorama\Panorama\ImageLib\Debug\vc110.pdb
D:\yunfeng\Documents\Visual Studio 2012\Projects\iamge-understanding\Panorama\Panorama\ImageLib\.\Debug\ImageLib.lib
