生成启动时间为 2016/5/8 17:11:39。
     1>项目“D:\yunfeng\Documents\Visual Studio 2012\Projects\iamge-understanding\Panorama\Panorama\ImageLib\ImageLib.vcxproj”在节点 2 上(Build 个目标)。
     1>ClCompile:
         C:\Program Files (x86)\Microsoft Visual Studio 11.0\VC\bin\CL.exe /c /ZI /nologo /W3 /WX- /Od /Oy- /D WIN32 /D _DEBUG /D _LIB /D _VC80_UPGRADE=0x0710 /D _CRT_SECURE_NO_WARNINGS /D _MBCS /Gm- /EHsc /RTC1 /MTd /GS /fp:precise /Zc:wchar_t /Zc:forScope /Fo".\Debug/" /Fd".\Debug/vc110.pdb" /Gd /TP /analyze- /errorReport:prompt Convert.cpp Convolve.cpp FileIO.cpp Image.cpp Pyramid.cpp RefCntMem.cpp Transform.cpp WarpImage.cpp
         Convert.cpp
         Convolve.cpp
         FileIO.cpp
     1>d:\yunfeng\documents\visual studio 2012\projects\iamge-understanding\panorama\panorama\imagelib\fileio.cpp : warning C4819: 该文件包含不能在当前代码页(936)中表示的字符。请将该文件保存为 Unicode 格式以防止数据丢失
     1>d:\yunfeng\documents\visual studio 2012\projects\iamge-understanding\panorama\panorama\imagelib\fileio.h : warning C4819: 该文件包含不能在当前代码页(936)中表示的字符。请将该文件保存为 Unicode 格式以防止数据丢失
         Image.cpp
         Pyramid.cpp
     1>d:\yunfeng\documents\visual studio 2012\projects\iamge-understanding\panorama\panorama\imagelib\pyramid.h : warning C4819: 该文件包含不能在当前代码页(936)中表示的字符。请将该文件保存为 Unicode 格式以防止数据丢失
         RefCntMem.cpp
     1>d:\yunfeng\documents\visual studio 2012\projects\iamge-understanding\panorama\panorama\imagelib\refcntmem.cpp : warning C4819: 该文件包含不能在当前代码页(936)中表示的字符。请将该文件保存为 Unicode 格式以防止数据丢失
         Transform.cpp
         WarpImage.cpp
         正在生成代码...
       Lib:
         C:\Program Files (x86)\Microsoft Visual Studio 11.0\VC\bin\Lib.exe /OUT:".\Debug\ImageLib.lib" /NOLOGO .\Debug/Convert.obj
         .\Debug/Convolve.obj
         .\Debug/FileIO.obj
         .\Debug/Image.obj
         .\Debug/Pyramid.obj
         .\Debug/RefCntMem.obj
         .\Debug/Transform.obj
         .\Debug/WarpImage.obj
         ImageLib.vcxproj -> D:\yunfeng\Documents\Visual Studio 2012\Projects\iamge-understanding\Panorama\Panorama\ImageLib\.\Debug\ImageLib.lib
     1>已完成生成项目“D:\yunfeng\Documents\Visual Studio 2012\Projects\iamge-understanding\Panorama\Panorama\ImageLib\ImageLib.vcxproj”(Build 个目标)的操作。

生成成功。

已用时间 00:00:01.76
