D:\YUNFENG\DOCUMENTS\VISUAL STUDIO 2012\PROJECTS\IAMGE-UNDERSTANDING\PANORAMA\PANORAMA\IMAGELIB\RELEASE\WARPIMAGE.OBJ
D:\YUNFENG\DOCUMENTS\VISUAL STUDIO 2012\PROJECTS\IAMGE-UNDERSTANDING\PANORAMA\PANORAMA\IMAGELIB\RELEASE\TRANSFORM.OBJ
D:\YUNFENG\DOCUMENTS\VISUAL STUDIO 2012\PROJECTS\IAMGE-UNDERSTANDING\PANORAMA\PANORAMA\IMAGELIB\RELEASE\REFCNTMEM.OBJ
D:\YUNFENG\DOCUMENTS\VISUAL STUDIO 2012\PROJECTS\IAMGE-UNDERSTANDING\PANORAMA\PANORAMA\IMAGELIB\RELEASE\PYRAMID.OBJ
D:\YUNFENG\DOCUMENTS\VISUAL STUDIO 2012\PROJECTS\IAMGE-UNDERSTANDING\PANORAMA\PANORAMA\IMAGELIB\RELEASE\IMAGE.OBJ
D:\YUNFENG\DOCUMENTS\VISUAL STUDIO 2012\PROJECTS\IAMGE-UNDERSTANDING\PANORAMA\PANORAMA\IMAGELIB\RELEASE\FILEIO.OBJ
D:\YUNFENG\DOCUMENTS\VISUAL STUDIO 2012\PROJECTS\IAMGE-UNDERSTANDING\PANORAMA\PANORAMA\IMAGELIB\RELEASE\CONVOLVE.OBJ
D:\YUNFENG\DOCUMENTS\VISUAL STUDIO 2012\PROJECTS\IAMGE-UNDERSTANDING\PANORAMA\PANORAMA\IMAGELIB\RELEASE\CONVERT.OBJ
D:\YUNFENG\DOCUMENTS\VISUAL STUDIO 2012\PROJECTS\IAMGE-UNDERSTANDING\PANORAMA\PANORAMA\IMAGELIB\RELEASE\VC110.PDB
D:\YUNFENG\DOCUMENTS\VISUAL STUDIO 2012\PROJECTS\IAMGE-UNDERSTANDING\PANORAMA\PANORAMA\IMAGELIB\RELEASE\IMAGELIB.LIB
D:\yunfeng\Documents\Visual Studio 2012\Projects\iamge-understanding\Panorama\Panorama\ImageLib\Release\Convert.obj
D:\yunfeng\Documents\Visual Studio 2012\Projects\iamge-understanding\Panorama\Panorama\ImageLib\Release\Convolve.obj
D:\yunfeng\Documents\Visual Studio 2012\Projects\iamge-understanding\Panorama\Panorama\ImageLib\Release\FileIO.obj
D:\yunfeng\Documents\Visual Studio 2012\Projects\iamge-understanding\Panorama\Panorama\ImageLib\Release\Image.obj
D:\yunfeng\Documents\Visual Studio 2012\Projects\iamge-understanding\Panorama\Panorama\ImageLib\Release\Pyramid.obj
D:\yunfeng\Documents\Visual Studio 2012\Projects\iamge-understanding\Panorama\Panorama\ImageLib\Release\RefCntMem.obj
D:\yunfeng\Documents\Visual Studio 2012\Projects\iamge-understanding\Panorama\Panorama\ImageLib\Release\Transform.obj
D:\yunfeng\Documents\Visual Studio 2012\Projects\iamge-understanding\Panorama\Panorama\ImageLib\Release\WarpImage.obj
D:\yunfeng\Documents\Visual Studio 2012\Projects\iamge-understanding\Panorama\Panorama\ImageLib\Release\cl.command.1.tlog
D:\yunfeng\Documents\Visual Studio 2012\Projects\iamge-understanding\Panorama\Panorama\ImageLib\Release\CL.read.1.tlog
D:\yunfeng\Documents\Visual Studio 2012\Projects\iamge-understanding\Panorama\Panorama\ImageLib\Release\CL.write.1.tlog
D:\yunfeng\Documents\Visual Studio 2012\Projects\iamge-understanding\Panorama\Panorama\ImageLib\Release\Lib-link.read.1.tlog
D:\yunfeng\Documents\Visual Studio 2012\Projects\iamge-understanding\Panorama\Panorama\ImageLib\Release\Lib-link.write.1.tlog
D:\yunfeng\Documents\Visual Studio 2012\Projects\iamge-understanding\Panorama\Panorama\ImageLib\Release\lib.command.1.tlog
D:\yunfeng\Documents\Visual Studio 2012\Projects\iamge-understanding\Panorama\Panorama\ImageLib\Release\vc110.pdb
D:\yunfeng\Documents\Visual Studio 2012\Projects\iamge-understanding\Panorama\Panorama\ImageLib\.\Release\ImageLib.lib
