生成启动时间为 2016/5/8 18:04:58。
     1>项目“D:\yunfeng\Documents\Visual Studio 2012\Projects\iamge-understanding\Panorama\Panorama\ImageLib\ImageLib.vcxproj”在节点 2 上(Build 个目标)。
     1>C:\Program Files (x86)\MSBuild\Microsoft.Cpp\v4.0\V110\Microsoft.CppBuild.targets(346,5): warning MSB8004: Output Directory does not end with a trailing slash.  This build instance will add the slash as it is required to allow proper evaluation of the Output Directory.
     1>ClCompile:
         C:\Program Files (x86)\Microsoft Visual Studio 11.0\VC\bin\CL.exe /c /Zi /nologo /W3 /WX- /O2 /Ob1 /Oy- /D WIN32 /D NDEBUG /D _LIB /D _VC80_UPGRADE=0x0710 /D _CRT_SECURE_NO_WARNINGS /D _UNICODE /D UNICODE /GF /Gm- /EHsc /MD /GS /Gy /fp:precise /Zc:wchar_t /Zc:forScope /Fo".\Release/" /Fd".\Release/vc110.pdb" /Gd /TP /analyze- /errorReport:prompt Convert.cpp Convolve.cpp FileIO.cpp Image.cpp Pyramid.cpp Transform.cpp WarpImage.cpp
         Convert.cpp
         Convolve.cpp
         FileIO.cpp
     1>FileIO.cpp : warning C4819: 该文件包含不能在当前代码页(936)中表示的字符。请将该文件保存为 Unicode 格式以防止数据丢失
     1>d:\yunfeng\documents\visual studio 2012\projects\iamge-understanding\panorama\panorama\imagelib\FileIO.h : warning C4819: 该文件包含不能在当前代码页(936)中表示的字符。请将该文件保存为 Unicode 格式以防止数据丢失
         正在生成代码...
         正在编译...
         Image.cpp
         Pyramid.cpp
     1>d:\yunfeng\documents\visual studio 2012\projects\iamge-understanding\panorama\panorama\imagelib\Pyramid.h : warning C4819: 该文件包含不能在当前代码页(936)中表示的字符。请将该文件保存为 Unicode 格式以防止数据丢失
         Transform.cpp
         正在生成代码...
         正在编译...
         WarpImage.cpp
         正在生成代码...
       Lib:
         C:\Program Files (x86)\Microsoft Visual Studio 11.0\VC\bin\Lib.exe /OUT:".\Release\ImageLib.lib" /NOLOGO .\Release/Convert.obj
         .\Release/Convolve.obj
         .\Release/FileIO.obj
         .\Release/Image.obj
         .\Release/Pyramid.obj
         .\Release/RefCntMem.obj
         .\Release/Transform.obj
         .\Release/WarpImage.obj
         ImageLib.vcxproj -> D:\yunfeng\Documents\Visual Studio 2012\Projects\iamge-understanding\Panorama\Panorama\ImageLib\.\Release\ImageLib.lib
     1>已完成生成项目“D:\yunfeng\Documents\Visual Studio 2012\Projects\iamge-understanding\Panorama\Panorama\ImageLib\ImageLib.vcxproj”(Build 个目标)的操作。

生成成功。

已用时间 00:00:02.82
